<?xml version="1.0" encoding="UTF-8"?>
<!-- Generated by org.testng.reporters.JUnitReportReporter -->
<testsuite skipped="0" hostname="CHETHAN-TYC1121700" name="vTigerMiniProject.TC_01" tests="1" failures="0" timestamp="2022-01-24T18:18:13 IST" time="24.064" errors="0">
  <testcase name="createContact" time="24.064" classname="vTigerMiniProject.TC_01"/>
  <system-out>
Login page is displayed successfully Home page is displayed successfully Contact List is not displayed successfully Create New Contact page is not displayed successfully  </system-out>
</testsuite> <!-- vTigerMiniProject.TC_01 -->
