<?xml version="1.0" encoding="UTF-8"?>
<!-- Generated by org.testng.reporters.JUnitReportReporter -->
<testsuite skipped="0" hostname="CHETHAN-TYC1121700" name="testNG_Basics.TC_Accounts_011" tests="1" failures="0" timestamp="2022-01-23T13:25:05 IST" time="21.429" errors="0">
  <testcase name="modifyLoan" time="21.429" classname="testNG_Basics.TC_Accounts_011"/>
  <system-out/>
</testsuite> <!-- testNG_Basics.TC_Accounts_011 -->
