<?xml version="1.0" encoding="UTF-8"?>
<!-- Generated by org.testng.reporters.JUnitReportReporter -->
<testsuite skipped="0" hostname="CHETHAN-TYC1121700" name="vTigerMiniProject.TC_36" tests="1" failures="0" timestamp="2022-01-25T21:44:53 IST" time="17.812" errors="0">
  <testcase name="createContact" time="17.812" classname="vTigerMiniProject.TC_36"/>
  <system-out>
Login page is displayed successfully Home page is displayed successfully Contact List is not displayed successfully Mail merge template page is not displayed successfully mail is not created as contact module Login page is displayed successfully  </system-out>
</testsuite> <!-- vTigerMiniProject.TC_36 -->
