<?xml version="1.0" encoding="UTF-8"?>
<!-- Generated by org.testng.reporters.JUnitReportReporter -->
<testsuite skipped="0" hostname="CHETHAN-TYC1121700" name="testNG_Basics.TC_Accounts_009" tests="4" failures="0" timestamp="2022-01-23T13:06:49 IST" time="44.774" errors="0">
  <testcase name="createLoan" time="12.168" classname="testNG_Basics.TC_Accounts_009"/>
  <system-out/>
  <testcase name="modifyLoan" time="11.804" classname="testNG_Basics.TC_Accounts_009"/>
  <system-out/>
  <testcase name="repayLoan" time="8.753" classname="testNG_Basics.TC_Accounts_009"/>
  <system-out/>
  <testcase name="deleteLoan" time="12.049" classname="testNG_Basics.TC_Accounts_009"/>
  <system-out/>
</testsuite> <!-- testNG_Basics.TC_Accounts_009 -->
