<?xml version="1.0" encoding="UTF-8"?>
<!-- Generated by org.testng.reporters.JUnitReportReporter -->
<testsuite skipped="0" hostname="CHETHAN-TYC1121700" name="vTigerMiniProject.TC_7" tests="1" failures="0" timestamp="2022-01-23T18:58:24 IST" time="31.304" errors="0">
  <testcase name="createContact" time="31.304" classname="vTigerMiniProject.TC_7"/>
  <system-out>
Login page is displayed successfully Home page is displayed successfully Contact List page is displayed successfully Create New Contact page is not displayed successfully  </system-out>
</testsuite> <!-- vTigerMiniProject.TC_7 -->
