<?xml version="1.0" encoding="UTF-8"?>
<!-- Generated by org.testng.reporters.JUnitReportReporter -->
<testsuite skipped="0" hostname="CHETHAN-TYC1121700" name="testNG_Advanced.TC_Support_001" tests="3" failures="0" timestamp="2022-01-24T13:29:43 IST" time="103.801" errors="0">
  <testcase name="createARequest" time="28.643" classname="testNG_Advanced.TC_Support_001"/>
  <system-out/>
  <testcase name="createARequest" time="25.829" classname="testNG_Advanced.TC_Support_001"/>
  <system-out/>
  <testcase name="createARequest" time="49.329" classname="testNG_Advanced.TC_Support_001"/>
  <system-out/>
</testsuite> <!-- testNG_Advanced.TC_Support_001 -->
