<?xml version="1.0" encoding="UTF-8"?>
<!-- Generated by org.testng.reporters.JUnitReportReporter -->
<testsuite skipped="0" hostname="CHETHAN-TYC1121700" name="testNG_Advanced.TC_Support_003" tests="3" failures="0" timestamp="2022-01-24T14:37:55 IST" time="136.801" errors="0">
  <testcase name="createARequest" time="41.404" classname="testNG_Advanced.TC_Support_003"/>
  <system-out/>
  <testcase name="createARequest" time="47.360" classname="testNG_Advanced.TC_Support_003"/>
  <system-out/>
  <testcase name="createARequest" time="48.037" classname="testNG_Advanced.TC_Support_003"/>
  <system-out/>
</testsuite> <!-- testNG_Advanced.TC_Support_003 -->
