<?xml version="1.0" encoding="UTF-8"?>
<!-- Generated by org.testng.reporters.JUnitReportReporter -->
<testsuite skipped="0" hostname="CHETHAN-TYC1121700" name="testNG_Basics.TC_Accounts_007" tests="1" failures="0" timestamp="2022-01-24T20:45:10 IST" time="9.268" errors="0">
  <testcase name="modifyAccount" time="9.268" classname="testNG_Basics.TC_Accounts_007"/>
  <system-out/>
</testsuite> <!-- testNG_Basics.TC_Accounts_007 -->
