<?xml version="1.0" encoding="UTF-8"?>
<!-- Generated by org.testng.reporters.JUnitReportReporter -->
<testsuite skipped="0" hostname="CHETHAN-TYC1121700" name="testNG_Basics.TC_Loans_104" tests="7" failures="0" timestamp="2022-01-22T16:18:30 IST" time="107.007" errors="0">
  <testcase name="myntra" time="19.422" classname="testNG_Basics.TC_Loans_104"/>
  <system-out/>
  <testcase name="myntra" time="21.433" classname="testNG_Basics.TC_Loans_104"/>
  <system-out/>
  <testcase name="flipkart" time="11.073" classname="testNG_Basics.TC_Loans_104"/>
  <system-out/>
  <testcase name="instagram" time="13.509" classname="testNG_Basics.TC_Loans_104"/>
  <system-out/>
  <testcase name="instagram" time="12.717" classname="testNG_Basics.TC_Loans_104"/>
  <system-out/>
  <testcase name="instagram" time="13.794" classname="testNG_Basics.TC_Loans_104"/>
  <system-out/>
  <testcase name="instagram" time="15.059" classname="testNG_Basics.TC_Loans_104"/>
  <system-out/>
</testsuite> <!-- testNG_Basics.TC_Loans_104 -->
