<?xml version="1.0" encoding="UTF-8"?>
<!-- Generated by org.testng.reporters.JUnitReportReporter -->
<testsuite skipped="0" hostname="CHETHAN-TYC1121700" name="vTigerMiniProject.TC_8" tests="1" failures="0" timestamp="2022-01-25T19:42:05 IST" time="109.062" errors="0">
  <testcase name="createContact" time="109.062" classname="vTigerMiniProject.TC_8"/>
  <system-out>
Login page is displayed successfully Home page is displayed successfully Contact List is not displayed successfully Create New Contact page is displayed successfully [ CON** ] piyush - Contact Information Updated today  </system-out>
</testsuite> <!-- vTigerMiniProject.TC_8 -->
