<?xml version="1.0" encoding="UTF-8"?>
<!-- Generated by org.testng.reporters.JUnitReportReporter -->
<testsuite skipped="0" hostname="CHETHAN-TYC1121700" name="testNG_Basics.TC_Loans_102" tests="4" failures="0" timestamp="2022-01-22T15:28:55 IST" time="98.546" errors="0">
  <testcase name="flipkart" time="16.192" classname="testNG_Basics.TC_Loans_102"/>
  <system-out/>
  <testcase name="myntra" time="28.558" classname="testNG_Basics.TC_Loans_102"/>
  <system-out/>
  <testcase name="amazon" time="41.310" classname="testNG_Basics.TC_Loans_102"/>
  <system-out/>
  <testcase name="instagram" time="12.486" classname="testNG_Basics.TC_Loans_102"/>
  <system-out/>
</testsuite> <!-- testNG_Basics.TC_Loans_102 -->
