<?xml version="1.0" encoding="UTF-8"?>
<!-- Generated by org.testng.reporters.JUnitReportReporter -->
<testsuite skipped="0" hostname="CHETHAN-TYC1121700" name="testNG_Basics.TC_Accounts_010" tests="1" failures="0" timestamp="2022-01-25T09:54:14 IST" time="15.774" errors="0">
  <testcase name="createLoan" time="15.774" classname="testNG_Basics.TC_Accounts_010"/>
  <system-out/>
</testsuite> <!-- testNG_Basics.TC_Accounts_010 -->
