<?xml version="1.0" encoding="UTF-8"?>
<!-- Generated by org.testng.reporters.JUnitReportReporter -->
<testsuite skipped="0" hostname="CHETHAN-TYC1121700" name="testNG_Basics.TC_Loans_101" tests="3" failures="0" timestamp="2022-01-22T15:09:21 IST" time="52.080" errors="0">
  <testcase name="amazon" time="25.642" classname="testNG_Basics.TC_Loans_101"/>
  <system-out/>
  <testcase name="instagram" time="9.926" classname="testNG_Basics.TC_Loans_101"/>
  <system-out/>
  <testcase name="myntra" time="16.512" classname="testNG_Basics.TC_Loans_101"/>
  <system-out/>
</testsuite> <!-- testNG_Basics.TC_Loans_101 -->
