<?xml version="1.0" encoding="UTF-8"?>
<!-- Generated by org.testng.reporters.JUnitReportReporter -->
<testsuite skipped="1" hostname="CHETHAN-TYC1121700" name="testNG_Basics.TC_Loans_105" tests="3" failures="0" timestamp="2022-01-22T16:31:19 IST" time="29.538" errors="0">
  <testcase name="flipkart" time="19.201" classname="testNG_Basics.TC_Loans_105"/>
  <system-out/>
  <testcase name="myntra" time="10.337" classname="testNG_Basics.TC_Loans_105"/>
  <system-out/>
  <testcase name="instagram" classname="testNG_Basics.TC_Loans_105">
    <skipped/>
  </testcase> <!-- instagram -->
  <system-out/>
</testsuite> <!-- testNG_Basics.TC_Loans_105 -->
