<?xml version="1.0" encoding="UTF-8"?>
<!-- Generated by org.testng.reporters.JUnitReportReporter -->
<testsuite skipped="0" hostname="CHETHAN-TYC1121700" name="vTigerMiniProject.TC_37" tests="1" failures="0" timestamp="2022-01-25T23:06:52 IST" time="24.878" errors="0">
  <testcase name="createContact" time="24.878" classname="vTigerMiniProject.TC_37"/>
  <system-out>
Login page is displayed successfully Home page is displayed successfully Contact List is not displayed successfully Mail merge template page is displayed successfully mail should be created as contact module Login page is displayed successfully  </system-out>
</testsuite> <!-- vTigerMiniProject.TC_37 -->
