<?xml version="1.0" encoding="UTF-8"?>
<!-- Generated by org.testng.reporters.JUnitReportReporter -->
<testsuite skipped="0" hostname="CHETHAN-TYC1121700" name="vTigerMiniProject.TC_6" tests="1" failures="0" timestamp="2022-01-23T15:44:50 IST" time="18.600" errors="0">
  <testcase name="createContact" time="18.600" classname="vTigerMiniProject.TC_6"/>
  <system-out>
Login page is displayed successfully Home page is displayed successfully Contact List page is displayed successfully Create New Contact page is displayed successfully Export Contact page is displayed successfully  </system-out>
</testsuite> <!-- vTigerMiniProject.TC_6 -->
