<?xml version="1.0" encoding="UTF-8"?>
<!-- Generated by org.testng.reporters.JUnitReportReporter -->
<testsuite skipped="0" hostname="CHETHAN-TYC1121700" name="testNG_Advanced.TC_TwoDArray_001" tests="2" failures="0" timestamp="2022-01-24T20:08:28 IST" time="30.519" errors="0">
  <testcase name="ReadMultipleDataFromExcel" time="14.719" classname="testNG_Advanced.TC_TwoDArray_001"/>
  <system-out/>
  <testcase name="ReadMultipleDataFromExcel" time="15.800" classname="testNG_Advanced.TC_TwoDArray_001"/>
  <system-out/>
</testsuite> <!-- testNG_Advanced.TC_TwoDArray_001 -->
