<?xml version="1.0" encoding="UTF-8"?>
<!-- Generated by org.testng.reporters.JUnitReportReporter -->
<testsuite skipped="0" hostname="CHETHAN-TYC1121700" name="testNG_Basics.TC_Loans_103" tests="5" failures="0" timestamp="2022-01-22T15:43:54 IST" time="40.774" errors="0">
  <testcase name="flipkart" time="9.313" classname="testNG_Basics.TC_Loans_103"/>
  <system-out/>
  <testcase name="nykaa" time="8.175" classname="testNG_Basics.TC_Loans_103"/>
  <system-out/>
  <testcase name="nykaa" time="7.009" classname="testNG_Basics.TC_Loans_103"/>
  <system-out/>
  <testcase name="nykaa" time="7.526" classname="testNG_Basics.TC_Loans_103"/>
  <system-out/>
  <testcase name="myntra" time="8.751" classname="testNG_Basics.TC_Loans_103"/>
  <system-out/>
</testsuite> <!-- testNG_Basics.TC_Loans_103 -->
