<?xml version="1.0" encoding="UTF-8"?>
<!-- Generated by org.testng.reporters.JUnitReportReporter -->
<testsuite skipped="0" hostname="CHETHAN-TYC1121700" name="testNG_Advanced.TC_Support_002" tests="3" failures="0" timestamp="2022-01-24T13:55:19 IST" time="91.984" errors="0">
  <testcase name="createARequest" time="35.482" classname="testNG_Advanced.TC_Support_002"/>
  <system-out/>
  <testcase name="createARequest" time="27.635" classname="testNG_Advanced.TC_Support_002"/>
  <system-out/>
  <testcase name="createARequest" time="28.867" classname="testNG_Advanced.TC_Support_002"/>
  <system-out/>
</testsuite> <!-- testNG_Advanced.TC_Support_002 -->
